authentication/app/build/intermediates/manifest_merge_blame_file/debug/manifest-merger-blame-debug-report.txt
1<?xml version="1.0" encoding="utf-8"?>
2<manifest xmlns:android="http://schemas.android.com/apk/res/android"
3    package="com.example.fingerprintauthentication"
4    android:versionCode="1"
5    android:versionName="1.0" >
6
7    <uses-sdk
8        android:minSdkVersion="23"
8-->src\main\AndroidManifest.xml
9        android:targetSdkVersion="29" />
9-->src\main\AndroidManifest.xml
10
11    <uses-feature
11-->src\main\AndroidManifest.xml:5:5-7:35
12        android:name="android.hardware.fingerprint"
12-->src\main\AndroidManifest.xml:6:9-52
13        android:required="true" />
13-->src\main\AndroidManifest.xml:7:9-32
14
15    <uses-permission android:name="android.permission.USE_BIOMETRIC" />
15-->src\main\AndroidManifest.xml:9:5-72
15-->src\main\AndroidManifest.xml:9:22-69
16    <uses-permission android:name="android.permission.USE_FINGERPRINT" /> <!-- .. -->
16-->src\main\AndroidManifest.xml:10:5-74
16-->src\main\AndroidManifest.xml:10:22-71
17    <uses-permission android:name="android.permission.ACCESS_FINE_LOCATION" />
17-->src\main\AndroidManifest.xml:11:5-79
17-->src\main\AndroidManifest.xml:11:22-76
18    <uses-permission android:name="android.permission.INTERNET" /> <!-- .. -->
18-->src\main\AndroidManifest.xml:12:5-67
18-->src\main\AndroidManifest.xml:12:22-64
19    <!-- for bluetooth -->
20    <uses-permission android:name="android.permission.BLUETOOTH" />
20-->src\main\AndroidManifest.xml:14:5-68
20-->src\main\AndroidManifest.xml:14:22-65
21    <uses-permission android:name="android.permission.BLUETOOTH_ADMIN" />
21-->src\main\AndroidManifest.xml:15:5-74
21-->src\main\AndroidManifest.xml:15:22-71
22    <!--
23 If your app targets Android 9 or lower, you can declare
24         ACCESS_COARSE_LOCATION instead.
25    -->
26    <uses-permission android:name="android.permission.ACCESS_FINE_LOCATION" />
26-->src\main\AndroidManifest.xml:11:5-79
26-->src\main\AndroidManifest.xml:11:22-76
27    <uses-permission android:name="android.permission.WAKE_LOCK" />
27-->src\main\AndroidManifest.xml:21:5-68
27-->src\main\AndroidManifest.xml:21:22-65
28    <uses-permission android:name="android.permission.INTERNET" />
28-->src\main\AndroidManifest.xml:12:5-67
28-->src\main\AndroidManifest.xml:12:22-64
29    <uses-permission android:name="android.permission.ACCESSNETWORKSTATE" />
29-->src\main\AndroidManifest.xml:23:5-77
29-->src\main\AndroidManifest.xml:23:22-74
30
31    <application
31-->src\main\AndroidManifest.xml:25:5-45:19
32        android:allowBackup="true"
32-->src\main\AndroidManifest.xml:26:9-35
33        android:appComponentFactory="androidx.core.app.CoreComponentFactory"
33-->[androidx.core:core:1.0.1] AndroidManifest.xml:22:18-86
34        android:debuggable="true"
35        android:icon="@mipmap/ic_launcher"
35-->src\main\AndroidManifest.xml:27:9-43
36        android:label="@string/app_name"
36-->src\main\AndroidManifest.xml:28:9-41
37        android:roundIcon="@mipmap/ic_launcher_round"
37-->src\main\AndroidManifest.xml:29:9-54
38        android:supportsRtl="true"
38-->src\main\AndroidManifest.xml:30:9-35
39        android:theme="@style/AppTheme" >
39-->src\main\AndroidManifest.xml:31:9-40
40        <service
40-->src\main\AndroidManifest.xml:32:9-35:47
41            android:name="com.example.fingerprintauthentication.MyService"
41-->src\main\AndroidManifest.xml:33:13-38
42            android:enabled="true"
42-->src\main\AndroidManifest.xml:34:13-35
43            android:exported="true" />
43-->src\main\AndroidManifest.xml:35:13-36
44        <!-- ... -->
45        <activity android:name="com.example.fingerprintauthentication.homepage" />
45-->src\main\AndroidManifest.xml:37:9-46
45-->src\main\AndroidManifest.xml:37:19-43
46        <activity android:name="com.example.fingerprintauthentication.MainActivity" >
46-->src\main\AndroidManifest.xml:38:9-44:20
46-->src\main\AndroidManifest.xml:38:19-47
47            <intent-filter>
47-->src\main\AndroidManifest.xml:39:13-43:29
48                <action android:name="android.intent.action.MAIN" />
48-->src\main\AndroidManifest.xml:40:17-69
48-->src\main\AndroidManifest.xml:40:25-66
49
50                <category android:name="android.intent.category.LAUNCHER" />
50-->src\main\AndroidManifest.xml:42:17-77
50-->src\main\AndroidManifest.xml:42:27-74
51            </intent-filter>
52        </activity>
53        <activity
53-->[com.google.android.gms:play-services-base:17.0.0] AndroidManifest.xml:23:9-26:75
54            android:name="com.google.android.gms.common.api.GoogleApiActivity"
54-->[com.google.android.gms:play-services-base:17.0.0] AndroidManifest.xml:24:13-79
55            android:exported="false"
55-->[com.google.android.gms:play-services-base:17.0.0] AndroidManifest.xml:25:13-37
56            android:theme="@android:style/Theme.Translucent.NoTitleBar" />
56-->[com.google.android.gms:play-services-base:17.0.0] AndroidManifest.xml:26:13-72
57
58        <meta-data
58-->[com.google.android.gms:play-services-basement:17.0.0] AndroidManifest.xml:23:9-25:69
59            android:name="com.google.android.gms.version"
59-->[com.google.android.gms:play-services-basement:17.0.0] AndroidManifest.xml:24:13-58
60            android:value="@integer/google_play_services_version" />
60-->[com.google.android.gms:play-services-basement:17.0.0] AndroidManifest.xml:25:13-66
61    </application>
62
63</manifest>